<?xml version="1.0" encoding="UTF-8"?>
<testng-results ignored="0" total="2" passed="2" failed="0" skipped="0">
  <reporter-output>
  </reporter-output>
  <suite started-at="2024-01-28T19:00:32 IST" name="Default suite" finished-at="2024-01-28T19:00:52 IST" duration-ms="20560">
    <groups>
    </groups>
    <test started-at="2024-01-28T19:00:32 IST" name="Default test" finished-at="2024-01-28T19:00:52 IST" duration-ms="20560">
      <class name="miniproject.AmazonPage">
        <test-method is-config="true" signature="setUp()[pri:0, instance:miniproject.AmazonPage@4550bb58]" started-at="2024-01-28T19:00:32 IST" name="setUp" finished-at="2024-01-28T19:00:42 IST" duration-ms="10507" status="PASS">
          <reporter-output>
          </reporter-output>
        </test-method> <!-- setUp -->
        <test-method signature="verifyLogo()[pri:0, instance:miniproject.AmazonPage@4550bb58]" started-at="2024-01-28T19:00:42 IST" name="verifyLogo" finished-at="2024-01-28T19:00:43 IST" duration-ms="855" status="PASS">
          <reporter-output>
          </reporter-output>
        </test-method> <!-- verifyLogo -->
        <test-method is-config="true" signature="last()[pri:0, instance:miniproject.AmazonPage@4550bb58]" started-at="2024-01-28T19:00:43 IST" name="last" finished-at="2024-01-28T19:00:44 IST" duration-ms="869" status="PASS">
          <reporter-output>
          </reporter-output>
        </test-method> <!-- last -->
        <test-method is-config="true" signature="setUp()[pri:0, instance:miniproject.AmazonPage@4550bb58]" started-at="2024-01-28T19:00:44 IST" name="setUp" finished-at="2024-01-28T19:00:51 IST" duration-ms="7207" status="PASS">
          <reporter-output>
          </reporter-output>
        </test-method> <!-- setUp -->
        <test-method signature="verifyTitle()[pri:0, instance:miniproject.AmazonPage@4550bb58]" started-at="2024-01-28T19:00:51 IST" name="verifyTitle" finished-at="2024-01-28T19:00:51 IST" duration-ms="356" status="PASS">
          <reporter-output>
          </reporter-output>
        </test-method> <!-- verifyTitle -->
        <test-method is-config="true" signature="last()[pri:0, instance:miniproject.AmazonPage@4550bb58]" started-at="2024-01-28T19:00:51 IST" name="last" finished-at="2024-01-28T19:00:52 IST" duration-ms="662" status="PASS">
          <reporter-output>
          </reporter-output>
        </test-method> <!-- last -->
      </class> <!-- miniproject.AmazonPage -->
    </test> <!-- Default test -->
  </suite> <!-- Default suite -->
</testng-results>
